Build started 5/8/2019 10:17:30 AM.
     1>Project "C:\Users\Anshit Agrawal\documents\visual studio 2010\Projects\project\project\project.vcxproj" on node 2 (build target(s)).
     1>InitializeBuildStatus:
         Creating "Release\project.unsuccessfulbuild" because "AlwaysCreate" was specified.
       GenerateTargetFrameworkMonikerAttribute:
       Skipping target "GenerateTargetFrameworkMonikerAttribute" because all output files are up-to-date with respect to the input files.
       ClCompile:
         All outputs are up-to-date.
         C:\Program Files (x86)\Microsoft Visual Studio 10.0\VC\bin\CL.exe /c /AI"C:\Program Files (x86)\Reference Assemblies\Microsoft\Framework\.NETFramework\v4.0" /Zi /clr:pure /nologo /W3 /WX- /O2 /Oy- /D WIN32 /D NDEBUG /D _UNICODE /D UNICODE /EHa /MD /GS /fp:precise /Zc:wchar_t /Zc:forScope /Yu"StdAfx.h" /Fp"Release\project.pch" /Fo"Release\\" /Fd"Release\vc100.pdb" /TP /FU"C:\Program Files (x86)\Reference Assemblies\Microsoft\Framework\.NETFramework\v4.0\System.Core.dll" /FU"C:\Program Files (x86)\Reference Assemblies\Microsoft\Framework\.NETFramework\v4.0\System.Data.dll" /FU"C:\Program Files (x86)\Reference Assemblies\Microsoft\Framework\.NETFramework\v4.0\System.dll" /FU"C:\Program Files (x86)\Reference Assemblies\Microsoft\Framework\.NETFramework\v4.0\System.Drawing.dll" /FU"C:\Program Files (x86)\Reference Assemblies\Microsoft\Framework\.NETFramework\v4.0\System.Windows.Forms.dll" /FU"C:\Program Files (x86)\Reference Assemblies\Microsoft\Framework\.NETFramework\v4.0\System.Xml.dll" /analyze- /errorReport:prompt Radar.cpp project.cpp /clr:nostdlib 
         Radar.cpp
         project.cpp
         Generating Code...
         All outputs are up-to-date.
       CoreResGen:
         No resources are out of date with respect to their source files. Skipping resource generation.
       ResourceCompile:
         All outputs are up-to-date.
       Link:
         C:\Program Files (x86)\Microsoft Visual Studio 10.0\VC\bin\link.exe /ERRORREPORT:PROMPT /OUT:"C:\Users\Anshit Agrawal\documents\visual studio 2010\Projects\project\Release\project.exe" /INCREMENTAL:NO /NOLOGO /ASSEMBLYRESOURCE:Release\project.Form1.resources /MANIFEST /ManifestFile:"Release\project.exe.intermediate.manifest" /MANIFESTUAC:"level='asInvoker' uiAccess='false'" /DEBUG /PDB:"C:\Users\Anshit Agrawal\documents\visual studio 2010\Projects\project\Release\project.pdb" /SUBSYSTEM:WINDOWS /TLBID:1 /ENTRY:"main" /DYNAMICBASE /FIXED:NO /NXCOMPAT /MACHINE:X86 Release\app.res
         Release\AssemblyInfo.obj
         Release\project.obj
         Release\Radar.obj
         Release\stdafx.obj
         "Release\.NETFramework,Version=v4.0.AssemblyAttributes.obj"
         project.vcxproj -> C:\Users\Anshit Agrawal\documents\visual studio 2010\Projects\project\Release\project.exe
       Manifest:
         C:\Program Files (x86)\Microsoft SDKs\Windows\v7.0A\bin\mt.exe /nologo /verbose /outputresource:"C:\Users\Anshit Agrawal\documents\visual studio 2010\Projects\project\Release\project.exe;#1" /manifest Release\project.exe.intermediate.manifest
       FinalizeBuildStatus:
         Deleting file "Release\project.unsuccessfulbuild".
         Touching "Release\project.lastbuildstate".
     1>Done Building Project "C:\Users\Anshit Agrawal\documents\visual studio 2010\Projects\project\project\project.vcxproj" (build target(s)).

Build succeeded.

Time Elapsed 00:00:06.96
